{
  "RSpec": {
    "coverage": {
      "/home/joao/Documents/Code/geradordemigue/app/helpers/application_helper.rb": [
        1,
        null
      ],
      "/home/joao/Documents/Code/geradordemigue/app/models/excuse.rb": [
        1,
        1,
        3,
        null,
        null
      ],
      "/home/joao/Documents/Code/geradordemigue/app/controllers/excuses_controller.rb": [
        1,
        1,
        null,
        null,
        1,
        1,
        1,
        null,
        null
      ],
      "/home/joao/Documents/Code/geradordemigue/app/controllers/application_controller.rb": [
        1,
        null,
        null,
        1,
        null
      ]
    },
    "timestamp": 1457308772
  }
}
